{
"C:\\Dev\\FrontEndApplications\\WebApplicationSeed\\src\\app\\app.component.ts":{"path":"C:\\Dev\\FrontEndApplications\\WebApplicationSeed\\src\\app\\app.component.ts","s":{"1":1,"2":1,"3":1,"4":1,"5":0,"6":0,"7":0,"8":1,"9":1,"10":1,"11":1,"12":1,"13":1,"14":1,"15":1,"16":1,"17":1,"18":1},"b":{"1":[1,1,1],"2":[1,0],"3":[0,0],"4":[1,0],"5":[1,1],"6":[0,0],"7":[0,0],"8":[0,0],"9":[0,0],"10":[1,0,0],"11":[1,1,1],"12":[1,0],"13":[1,1]},"f":{"1":1,"2":1,"3":1,"4":1},"fnMap":{"1":{"name":"(anonymous_1)","line":2,"loc":{"start":{"line":2,"column":46},"end":{"line":2,"column":87}}},"2":{"name":"(anonymous_2)","line":8,"loc":{"start":{"line":8,"column":46},"end":{"line":8,"column":62}}},"3":{"name":"(anonymous_3)","line":12,"loc":{"start":{"line":12,"column":20},"end":{"line":12,"column":32}}},"4":{"name":"AppComponent","line":13,"loc":{"start":{"line":13,"column":4},"end":{"line":13,"column":28}}}},"statementMap":{"1":{"start":{"line":2,"column":0},"end":{"line":7,"column":2}},"2":{"start":{"line":3,"column":4},"end":{"line":3,"column":129}},"3":{"start":{"line":4,"column":4},"end":{"line":5,"column":150}},"4":{"start":{"line":4,"column":79},"end":{"line":4,"column":131}},"5":{"start":{"line":5,"column":9},"end":{"line":5,"column":150}},"6":{"start":{"line":5,"column":58},"end":{"line":5,"column":150}},"7":{"start":{"line":5,"column":81},"end":{"line":5,"column":150}},"8":{"start":{"line":6,"column":4},"end":{"line":6,"column":66}},"9":{"start":{"line":8,"column":0},"end":{"line":10,"column":2}},"10":{"start":{"line":9,"column":4},"end":{"line":9,"column":109}},"11":{"start":{"line":9,"column":79},"end":{"line":9,"column":109}},"12":{"start":{"line":11,"column":0},"end":{"line":11,"column":38}},"13":{"start":{"line":12,"column":0},"end":{"line":25,"column":5}},"14":{"start":{"line":13,"column":4},"end":{"line":15,"column":5}},"15":{"start":{"line":14,"column":8},"end":{"line":14,"column":45}},"16":{"start":{"line":16,"column":4},"end":{"line":23,"column":21}},"17":{"start":{"line":24,"column":4},"end":{"line":24,"column":24}},"18":{"start":{"line":26,"column":0},"end":{"line":26,"column":36}}},"branchMap":{"1":{"line":2,"type":"binary-expr","locations":[{"start":{"line":2,"column":18},"end":{"line":2,"column":22}},{"start":{"line":2,"column":26},"end":{"line":2,"column":41}},{"start":{"line":2,"column":46},"end":{"line":7,"column":1}}]},"2":{"line":3,"type":"cond-expr","locations":[{"start":{"line":3,"column":42},"end":{"line":3,"column":48}},{"start":{"line":3,"column":51},"end":{"line":3,"column":125}}]},"3":{"line":3,"type":"cond-expr","locations":[{"start":{"line":3,"column":67},"end":{"line":3,"column":118}},{"start":{"line":3,"column":121},"end":{"line":3,"column":125}}]},"4":{"line":4,"type":"if","locations":[{"start":{"line":4,"column":4},"end":{"line":4,"column":4}},{"start":{"line":4,"column":4},"end":{"line":4,"column":4}}]},"5":{"line":4,"type":"binary-expr","locations":[{"start":{"line":4,"column":8},"end":{"line":4,"column":35}},{"start":{"line":4,"column":39},"end":{"line":4,"column":77}}]},"6":{"line":5,"type":"if","locations":[{"start":{"line":5,"column":58},"end":{"line":5,"column":58}},{"start":{"line":5,"column":58},"end":{"line":5,"column":58}}]},"7":{"line":5,"type":"binary-expr","locations":[{"start":{"line":5,"column":86},"end":{"line":5,"column":143}},{"start":{"line":5,"column":148},"end":{"line":5,"column":149}}]},"8":{"line":5,"type":"cond-expr","locations":[{"start":{"line":5,"column":94},"end":{"line":5,"column":98}},{"start":{"line":5,"column":101},"end":{"line":5,"column":143}}]},"9":{"line":5,"type":"cond-expr","locations":[{"start":{"line":5,"column":109},"end":{"line":5,"column":126}},{"start":{"line":5,"column":129},"end":{"line":5,"column":143}}]},"10":{"line":6,"type":"binary-expr","locations":[{"start":{"line":6,"column":11},"end":{"line":6,"column":16}},{"start":{"line":6,"column":20},"end":{"line":6,"column":21}},{"start":{"line":6,"column":25},"end":{"line":6,"column":62}}]},"11":{"line":8,"type":"binary-expr","locations":[{"start":{"line":8,"column":18},"end":{"line":8,"column":22}},{"start":{"line":8,"column":26},"end":{"line":8,"column":41}},{"start":{"line":8,"column":46},"end":{"line":10,"column":1}}]},"12":{"line":9,"type":"if","locations":[{"start":{"line":9,"column":4},"end":{"line":9,"column":4}},{"start":{"line":9,"column":4},"end":{"line":9,"column":4}}]},"13":{"line":9,"type":"binary-expr","locations":[{"start":{"line":9,"column":8},"end":{"line":9,"column":35}},{"start":{"line":9,"column":39},"end":{"line":9,"column":77}}]}},"code":["\"use strict\";","var __decorate = (this && this.__decorate) || function (decorators, target, key, desc) {","    var c = arguments.length, r = c < 3 ? target : desc === null ? desc = Object.getOwnPropertyDescriptor(target, key) : desc, d;","    if (typeof Reflect === \"object\" && typeof Reflect.decorate === \"function\") r = Reflect.decorate(decorators, target, key, desc);","    else for (var i = decorators.length - 1; i >= 0; i--) if (d = decorators[i]) r = (c < 3 ? d(r) : c > 3 ? d(target, key, r) : d(target, key)) || r;","    return c > 3 && r && Object.defineProperty(target, key, r), r;","};","var __metadata = (this && this.__metadata) || function (k, v) {","    if (typeof Reflect === \"object\" && typeof Reflect.metadata === \"function\") return Reflect.metadata(k, v);","};","var core_1 = require('@angular/core');","var AppComponent = (function () {","    function AppComponent() {","        this.name = 'My First Angular 2 App';","    }","    AppComponent = __decorate([","        core_1.Component({","            selector: 'fcc-app',","            template: \"\\n\\t\\t<div class=\\\"container\\\">\\n\\t\\t\\t<img src='./assets/images/logo.jpg' />\\n\\t\\t\\t<h1 class=\\\"title\\\">{{name}}</h1>\\n\\t\\t\\t<h2 class=\\\"sub-title\\\">Subtitle</h2>\\n\\t\\t</div>\\n\\t\",","            styles: [require('./app.scss')]","        }), ","        __metadata('design:paramtypes', [])","    ], AppComponent);","    return AppComponent;","}());","exports.AppComponent = AppComponent;","//# sourceMappingURL=data:application/json;base64,eyJ2ZXJzaW9uIjozLCJmaWxlIjoiYXBwLmNvbXBvbmVudC5qcyIsInNvdXJjZVJvb3QiOiJDOi9EZXYvRnJvbnRFbmRBcHBsaWNhdGlvbnMvV2ViQXBwbGljYXRpb25TZWVkL3NyYy9hcHAvIiwic291cmNlcyI6WyJhcHAuY29tcG9uZW50LnRzIl0sIm5hbWVzIjpbXSwibWFwcGluZ3MiOiI7Ozs7Ozs7Ozs7QUFBQSxxQkFBMEIsZUFBZSxDQUFDLENBQUE7QUFhMUM7SUFBQTtRQUNRLFNBQUksR0FBVyx3QkFBd0IsQ0FBQztJQUNoRCxDQUFDO0lBYkQ7UUFBQyxnQkFBUyxDQUFDO1lBQ1YsUUFBUSxFQUFFLFNBQVM7WUFDbkIsUUFBUSxFQUFFLHFMQU1UO1lBQ0QsTUFBTSxFQUFFLENBQUMsT0FBTyxDQUFDLFlBQVksQ0FBQyxDQUFDO1NBQy9CLENBQUM7O29CQUFBO0lBR0YsbUJBQUM7QUFBRCxDQUFDLEFBRkQsSUFFQztBQUZZLG9CQUFZLGVBRXhCLENBQUEifQ=="],"l":{"2":1,"3":1,"4":1,"5":0,"6":1,"8":1,"9":1,"11":1,"12":1,"13":1,"14":1,"16":1,"24":1,"26":1}}}
